Using pre-set license
Built from '2022.3/staging' branch; Version is '2022.3.2f1 (d74737c6db50) revision 14108471'; Using compiler version '192829333'; Build Type 'Release'
OS: 'Windows 11  (10.0.22621) 64bit CoreSingleLanguage' Language: 'en' Physical Memory: 7883 MB
BatchMode: 1, IsHumanControllingUs: 0, StartBugReporterOnCrash: 0, Is64bit: 1, IsPro: 1

COMMAND LINE ARGUMENTS:
D:\setup\unity\Unity 2022.3.2f1\Editor\Unity.exe
-adb2
-batchMode
-noUpm
-name
AssetImportWorker0
-projectPath
C:/Users/ASUS/Game-Platformer-Project1/Platformer
-logFile
Logs/AssetImportWorker0.log
-srvPort
57130
Successfully changed project path to: C:/Users/ASUS/Game-Platformer-Project1/Platformer
C:/Users/ASUS/Game-Platformer-Project1/Platformer
[UnityMemory] Configuration Parameters - Can be set up in boot.config
    "memorysetup-bucket-allocator-granularity=16"
    "memorysetup-bucket-allocator-bucket-count=8"
    "memorysetup-bucket-allocator-block-size=33554432"
    "memorysetup-bucket-allocator-block-count=8"
    "memorysetup-main-allocator-block-size=16777216"
    "memorysetup-thread-allocator-block-size=16777216"
    "memorysetup-gfx-main-allocator-block-size=16777216"
    "memorysetup-gfx-thread-allocator-block-size=16777216"
    "memorysetup-cache-allocator-block-size=4194304"
    "memorysetup-typetree-allocator-block-size=2097152"
    "memorysetup-profiler-bucket-allocator-granularity=16"
    "memorysetup-profiler-bucket-allocator-bucket-count=8"
    "memorysetup-profiler-bucket-allocator-block-size=33554432"
    "memorysetup-profiler-bucket-allocator-block-count=8"
    "memorysetup-profiler-allocator-block-size=16777216"
    "memorysetup-profiler-editor-allocator-block-size=1048576"
    "memorysetup-temp-allocator-size-main=16777216"
    "memorysetup-job-temp-allocator-block-size=2097152"
    "memorysetup-job-temp-allocator-block-size-background=1048576"
    "memorysetup-job-temp-allocator-reduction-small-platforms=262144"
    "memorysetup-allocator-temp-initial-block-size-main=262144"
    "memorysetup-allocator-temp-initial-block-size-worker=262144"
    "memorysetup-temp-allocator-size-background-worker=32768"
    "memorysetup-temp-allocator-size-job-worker=262144"
    "memorysetup-temp-allocator-size-preload-manager=33554432"
    "memorysetup-temp-allocator-size-nav-mesh-worker=65536"
    "memorysetup-temp-allocator-size-audio-worker=65536"
    "memorysetup-temp-allocator-size-cloud-worker=32768"
    "memorysetup-temp-allocator-size-gi-baking-worker=262144"
    "memorysetup-temp-allocator-size-gfx=262144"
Player connection [10628] Host "[IP] 192.168.0.102 [Port] 0 [Flags] 2 [Guid] 1811918686 [EditorId] 1811918686 [Version] 1048832 [Id] WindowsEditor(7,DESKTOP-71C72UN) [Debug] 1 [PackageName] WindowsEditor [ProjectName] Editor" joined multi-casting on [225.0.0.222:54997]...

Player connection [10628] Host "[IP] 192.168.0.102 [Port] 0 [Flags] 2 [Guid] 1811918686 [EditorId] 1811918686 [Version] 1048832 [Id] WindowsEditor(7,DESKTOP-71C72UN) [Debug] 1 [PackageName] WindowsEditor [ProjectName] Editor" joined alternative multi-casting on [225.0.0.222:34997]...

Refreshing native plugins compatible for Editor in 0.00 ms, found 0 plugins.
Preloading 0 native plugins for Editor in 0.00 ms.
Initialize engine version: 2022.3.2f1 (d74737c6db50)
[Subsystems] Discovering subsystems at path D:/setup/unity/Unity 2022.3.2f1/Editor/Data/Resources/UnitySubsystems
[Subsystems] Discovering subsystems at path C:/Users/ASUS/Game-Platformer-Project1/Platformer/Assets
GfxDevice: creating device client; threaded=0; jobified=0
Direct3D:
    Version:  Direct3D 11.0 [level 11.1]
    Renderer: Intel(R) Iris(R) Xe Graphics (ID=0x9a49)
    Vendor:   Intel
    VRAM:     3941 MB
    Driver:   30.0.101.3111
Initialize mono
Mono path[0] = 'D:/setup/unity/Unity 2022.3.2f1/Editor/Data/Managed'
Mono path[1] = 'D:/setup/unity/Unity 2022.3.2f1/Editor/Data/MonoBleedingEdge/lib/mono/unityjit-win32'
Mono config path = 'D:/setup/unity/Unity 2022.3.2f1/Editor/Data/MonoBleedingEdge/etc'
Using monoOptions --debugger-agent=transport=dt_socket,embedding=1,server=y,suspend=n,address=127.0.0.1:56960
Begin MonoManager ReloadAssembly
Registering precompiled unity dll's ...
Register platform support module: D:/setup/unity/Unity 2022.3.2f1/Editor/Data/PlaybackEngines/WindowsStandaloneSupport/UnityEditor.WindowsStandalone.Extensions.dll
Registered in 0.006732 seconds.
- Loaded All Assemblies, in  0.808 seconds
Native extension for WindowsStandalone target not found
Mono: successfully reloaded assembly
- Finished resetting the current domain, in  0.632 seconds
Domain Reload Profiling: 1440ms
	BeginReloadAssembly (311ms)
		ExecutionOrderSort (0ms)
		DisableScriptedObjects (0ms)
		BackupInstance (0ms)
		ReleaseScriptingObjects (0ms)
		CreateAndSetChildDomain (1ms)
	RebuildCommonClasses (75ms)
	RebuildNativeTypeToScriptingClass (32ms)
	initialDomainReloadingComplete (111ms)
	LoadAllAssembliesAndSetupDomain (278ms)
		LoadAssemblies (310ms)
		RebuildTransferFunctionScriptingTraits (0ms)
		AnalyzeDomain (274ms)
			TypeCache.Refresh (273ms)
				TypeCache.ScanAssembly (245ms)
			ScanForSourceGeneratedMonoScriptInfo (1ms)
			ResolveRequiredComponents (1ms)
	FinalizeReload (633ms)
		ReleaseScriptCaches (0ms)
		RebuildScriptCaches (0ms)
		SetupLoadedEditorAssemblies (474ms)
			LogAssemblyErrors (0ms)
			InitializePlatformSupportModulesInManaged (12ms)
			SetLoadedEditorAssemblies (15ms)
			RefreshPlugins (0ms)
			BeforeProcessingInitializeOnLoad (4ms)
			ProcessInitializeOnLoadAttributes (341ms)
			ProcessInitializeOnLoadMethodAttributes (101ms)
			AfterProcessingInitializeOnLoad (0ms)
			EditorAssembliesLoaded (0ms)
		ExecutionOrderSort2 (0ms)
		AwakeInstancesAfterBackupRestoration (0ms)
========================================================================
Worker process is ready to serve import requests
Begin MonoManager ReloadAssembly
- Loaded All Assemblies, in  1.188 seconds
Refreshing native plugins compatible for Editor in 0.00 ms, found 0 plugins.
Native extension for WindowsStandalone target not found
Mono: successfully reloaded assembly
- Finished resetting the current domain, in  0.654 seconds
Domain Reload Profiling: 1842ms
	BeginReloadAssembly (496ms)
		ExecutionOrderSort (0ms)
		DisableScriptedObjects (99ms)
		BackupInstance (0ms)
		ReleaseScriptingObjects (0ms)
		CreateAndSetChildDomain (62ms)
	RebuildCommonClasses (74ms)
	RebuildNativeTypeToScriptingClass (22ms)
	initialDomainReloadingComplete (77ms)
	LoadAllAssembliesAndSetupDomain (518ms)
		LoadAssemblies (211ms)
		RebuildTransferFunctionScriptingTraits (0ms)
		AnalyzeDomain (503ms)
			TypeCache.Refresh (492ms)
				TypeCache.ScanAssembly (468ms)
			ScanForSourceGeneratedMonoScriptInfo (5ms)
			ResolveRequiredComponents (6ms)
	FinalizeReload (654ms)
		ReleaseScriptCaches (0ms)
		RebuildScriptCaches (0ms)
		SetupLoadedEditorAssemblies (386ms)
			LogAssemblyErrors (0ms)
			InitializePlatformSupportModulesInManaged (8ms)
			SetLoadedEditorAssemblies (11ms)
			RefreshPlugins (0ms)
			BeforeProcessingInitializeOnLoad (95ms)
			ProcessInitializeOnLoadAttributes (222ms)
			ProcessInitializeOnLoadMethodAttributes (48ms)
			AfterProcessingInitializeOnLoad (2ms)
			EditorAssembliesLoaded (0ms)
		ExecutionOrderSort2 (0ms)
		AwakeInstancesAfterBackupRestoration (11ms)
Launched and connected shader compiler UnityShaderCompiler.exe after 0.10 seconds
Refreshing native plugins compatible for Editor in 0.00 ms, found 0 plugins.
Preloading 0 native plugins for Editor in 0.00 ms.
Unloading 347 Unused Serialized files (Serialized files now loaded: 0)
Unloading 10 unused Assets / (48.5 KB). Loaded Objects now: 822.
Memory consumption went from 53.0 MB to 53.0 MB.
Total: 4.299700 ms (FindLiveObjects: 0.106400 ms CreateObjectMapping: 0.024600 ms MarkObjects: 4.059200 ms  DeleteObjects: 0.107400 ms)

AssetImportParameters requested are different than current active one (requested -> active):
  custom:video-encoder-webm-vp8: eb34c28f22e8b96e1ab97ce403110664 -> 
  custom:video-decoder-webm-vp8: 9c59270c3fd7afecdb556c50c9e8de78 -> 
  custom:audio-decoder-ogg-vorbis: bf7c407c2cedff20999df2af8eb42d56 -> 
  custom:video-decoder-ogg-theora: a1e56fd34408186e4bbccfd4996cb3dc -> 
  custom:audio-encoder-webm-vorbis: bf7c407c2cedff20999df2af8eb42d56 -> 
  custom:container-demuxer-webm: 4f35f7cbe854078d1ac9338744f61a02 -> 
  custom:container-muxer-webm: aa71ff27fc2769a1b78a27578f13a17b -> 
  custom:container-demuxer-ogg: 62fdf1f143b41e24485cea50d1cbac27 -> 
  custom:AudioImporter_EditorPlatform: d09bf68614088b80899f8185d706f6e7 -> 
  custom:framework-win-MediaFoundation: 216162199b28c13a410421893ffa2e32 -> 
========================================================================
Received Import Request.
  Time since last request: 551700.233615 seconds.
  path: Assets/Sprite/map
  artifactKey: Guid(58309a90f17b0cf43a10bfb25d1e722c) Importer(815301076,1909f56bfc062723c751e8b465ee728b)
Start importing Assets/Sprite/map using Guid(58309a90f17b0cf43a10bfb25d1e722c) Importer(815301076,1909f56bfc062723c751e8b465ee728b)  -> (artifact id: '6d7d4d99daed51d760a0926fa89a50b7') in 0.016072 seconds
Number of updated asset objects reloaded before import = 0
Number of asset objects unloaded after import = 0
========================================================================
Received Import Request.
  Time since last request: 0.000034 seconds.
  path: Assets/Sprite/map/New Palette.prefab
  artifactKey: Guid(375f60c6e6ecbfc40862c0ee1efbdc9b) Importer(815301076,1909f56bfc062723c751e8b465ee728b)
Start importing Assets/Sprite/map/New Palette.prefab using Guid(375f60c6e6ecbfc40862c0ee1efbdc9b) Importer(815301076,1909f56bfc062723c751e8b465ee728b)  -> (artifact id: '2e2c12f858095dfc52f9ace349304428') in 0.427051 seconds
Number of updated asset objects reloaded before import = 0
Number of asset objects unloaded after import = 13
========================================================================
Received Import Request.
  Time since last request: 19.771123 seconds.
  path: Assets/Sprite/player
  artifactKey: Guid(3dedcd7c24b8b2b46864717ed40ae2b4) Importer(815301076,1909f56bfc062723c751e8b465ee728b)
Start importing Assets/Sprite/player using Guid(3dedcd7c24b8b2b46864717ed40ae2b4) Importer(815301076,1909f56bfc062723c751e8b465ee728b)  -> (artifact id: 'd7e1e0f41f35b43d1cdf9291634dd6b5') in 0.000950 seconds
Number of updated asset objects reloaded before import = 0
Number of asset objects unloaded after import = 0
========================================================================
Received Import Request.
  Time since last request: 44.898888 seconds.
  path: Assets/Sprite/player/Run-Sheet.png
  artifactKey: Guid(b6ed152703553054a9e58ab2c15fe7c4) Importer(815301076,1909f56bfc062723c751e8b465ee728b)
Start importing Assets/Sprite/player/Run-Sheet.png using Guid(b6ed152703553054a9e58ab2c15fe7c4) Importer(815301076,1909f56bfc062723c751e8b465ee728b)  -> (artifact id: '6c975559b5a20085a13a48879fab303b') in 0.165416 seconds
Number of updated asset objects reloaded before import = 0
Number of asset objects unloaded after import = 3
========================================================================
Received Import Request.
  Time since last request: 15.523706 seconds.
  path: Assets/Sprite/player/Jump-Start-Sheet.png
  artifactKey: Guid(924e1fe17166c874983acb80db2c6276) Importer(815301076,1909f56bfc062723c751e8b465ee728b)
Start importing Assets/Sprite/player/Jump-Start-Sheet.png using Guid(924e1fe17166c874983acb80db2c6276) Importer(815301076,1909f56bfc062723c751e8b465ee728b)  -> (artifact id: '2825fa55b65a9b502613c26a61af0d8e') in 0.028993 seconds
Number of updated asset objects reloaded before import = 0
Number of asset objects unloaded after import = 3
========================================================================
Received Import Request.
  Time since last request: 10.469450 seconds.
  path: Assets/Sprite/player/Jump-End-Sheet.png
  artifactKey: Guid(1e8e9501f88f47d4aa7de859b01bbe78) Importer(815301076,1909f56bfc062723c751e8b465ee728b)
Start importing Assets/Sprite/player/Jump-End-Sheet.png using Guid(1e8e9501f88f47d4aa7de859b01bbe78) Importer(815301076,1909f56bfc062723c751e8b465ee728b)  -> (artifact id: '738ac539a00681d7a6c81deed5d7b463') in 0.019752 seconds
Number of updated asset objects reloaded before import = 0
Number of asset objects unloaded after import = 3
========================================================================
Received Import Request.
  Time since last request: 18.306467 seconds.
  path: Assets/Sprite/player/Jump-All-Sheet.png
  artifactKey: Guid(89e0e6dfded1ac844bfd84c54e558fe4) Importer(815301076,1909f56bfc062723c751e8b465ee728b)
Start importing Assets/Sprite/player/Jump-All-Sheet.png using Guid(89e0e6dfded1ac844bfd84c54e558fe4) Importer(815301076,1909f56bfc062723c751e8b465ee728b)  -> (artifact id: 'f4aa4546f95f5b3520e07af80a345138') in 0.021578 seconds
Number of updated asset objects reloaded before import = 0
Number of asset objects unloaded after import = 3
========================================================================
Received Import Request.
  Time since last request: 11.017808 seconds.
  path: Assets/Sprite/player/Idle-Sheet.png
  artifactKey: Guid(a73194f7ec10ea24ba4b5e888ccfdebd) Importer(815301076,1909f56bfc062723c751e8b465ee728b)
Start importing Assets/Sprite/player/Idle-Sheet.png using Guid(a73194f7ec10ea24ba4b5e888ccfdebd) Importer(815301076,1909f56bfc062723c751e8b465ee728b)  -> (artifact id: '41d0fdfa7102f1e24dd179963b429dc0') in 0.021305 seconds
Number of updated asset objects reloaded before import = 0
Number of asset objects unloaded after import = 3
========================================================================
Received Import Request.
  Time since last request: 11.877151 seconds.
  path: Assets/Sprite/player/Dead-Sheet.png
  artifactKey: Guid(42bd519d92a711a469b139b612340123) Importer(815301076,1909f56bfc062723c751e8b465ee728b)
Start importing Assets/Sprite/player/Dead-Sheet.png using Guid(42bd519d92a711a469b139b612340123) Importer(815301076,1909f56bfc062723c751e8b465ee728b)  -> (artifact id: '84ff219039d06fd2f911564acbe8145a') in 0.036630 seconds
Number of updated asset objects reloaded before import = 0
Number of asset objects unloaded after import = 3
========================================================================
Received Import Request.
  Time since last request: 9.066887 seconds.
  path: Assets/Sprite/player/Attack-01-Sheet.png
  artifactKey: Guid(d828c859176ce5846ab9cb2f73902657) Importer(815301076,1909f56bfc062723c751e8b465ee728b)
Start importing Assets/Sprite/player/Attack-01-Sheet.png using Guid(d828c859176ce5846ab9cb2f73902657) Importer(815301076,1909f56bfc062723c751e8b465ee728b)  -> (artifact id: '9ee4259c1026bd86d340439b48ae40f8') in 0.026789 seconds
Number of updated asset objects reloaded before import = 0
Number of asset objects unloaded after import = 3
